This is pdfTeX, Version 3.14159265-2.6-1.40.16 (TeX Live 2015/Debian) (preloaded format=pdflatex 2017.5.26)  26 MAY 2017 16:28
entering extended mode
 restricted \write18 enabled.
 %&-line parsing enabled.
**report.tex
(./report.tex
LaTeX2e <2016/02/01>
Babel <3.9q> and hyphenation patterns for 81 language(s) loaded.
(./llncs.cls
Document Class: llncs 2014/03/31 v2.19 
 LaTeX document class for Lecture Notes in Computer Science
(/usr/share/texlive/texmf-dist/tex/latex/base/article.cls
Document Class: article 2014/09/29 v1.4h Standard LaTeX document class
(/usr/share/texlive/texmf-dist/tex/latex/base/size10.clo
File: size10.clo 2014/09/29 v1.4h Standard LaTeX file (size option)
)
\c@part=\count79
\c@section=\count80
\c@subsection=\count81
\c@subsubsection=\count82
\c@paragraph=\count83
\c@subparagraph=\count84
\c@figure=\count85
\c@table=\count86
\abovecaptionskip=\skip41
\belowcaptionskip=\skip42
\bibindent=\dimen102
)
(/usr/share/texlive/texmf-dist/tex/latex/tools/multicol.sty
Package: multicol 2015/08/19 v1.8n multicolumn formatting (FMi)
\c@tracingmulticols=\count87
\mult@box=\box26
\multicol@leftmargin=\dimen103
\c@unbalance=\count88
\c@collectmore=\count89
\doublecol@number=\count90
\multicoltolerance=\count91
\multicolpretolerance=\count92
\full@width=\dimen104
\page@free=\dimen105
\premulticols=\dimen106
\postmulticols=\dimen107
\multicolsep=\skip43
\multicolbaselineskip=\skip44
\partial@page=\box27
\last@line=\box28
\maxbalancingoverflow=\dimen108
\mult@rightbox=\box29
\mult@grightbox=\box30
\mult@gfirstbox=\box31
\mult@firstbox=\box32
\@tempa=\box33
\@tempa=\box34
\@tempa=\box35
\@tempa=\box36
\@tempa=\box37
\@tempa=\box38
\@tempa=\box39
\@tempa=\box40
\@tempa=\box41
\@tempa=\box42
\@tempa=\box43
\@tempa=\box44
\@tempa=\box45
\@tempa=\box46
\@tempa=\box47
\@tempa=\box48
\@tempa=\box49
\c@columnbadness=\count93
\c@finalcolumnbadness=\count94
\last@try=\dimen109
\multicolovershoot=\dimen110
\multicolundershoot=\dimen111
\mult@nat@firstbox=\box50
\colbreak@box=\box51
\mc@col@check@num=\count95
)
(/usr/share/texlive/texmf-dist/tex/latex/oberdiek/aliascnt.sty
Package: aliascnt 2009/09/08 v1.3 Alias counters (HO)

(/usr/share/texlive/texmf-dist/tex/latex/carlisle/remreset.sty))
\c@chapter=\count96
LaTeX Font Info:    Redeclaring math symbol \Gamma on input line 362.
LaTeX Font Info:    Redeclaring math symbol \Delta on input line 363.
LaTeX Font Info:    Redeclaring math symbol \Theta on input line 364.
LaTeX Font Info:    Redeclaring math symbol \Lambda on input line 365.
LaTeX Font Info:    Redeclaring math symbol \Xi on input line 366.
LaTeX Font Info:    Redeclaring math symbol \Pi on input line 367.
LaTeX Font Info:    Redeclaring math symbol \Sigma on input line 368.
LaTeX Font Info:    Redeclaring math symbol \Upsilon on input line 369.
LaTeX Font Info:    Redeclaring math symbol \Phi on input line 370.
LaTeX Font Info:    Redeclaring math symbol \Psi on input line 371.
LaTeX Font Info:    Redeclaring math symbol \Omega on input line 372.
\tocchpnum=\dimen112
\tocsecnum=\dimen113
\tocsectotal=\dimen114
\tocsubsecnum=\dimen115
\tocsubsectotal=\dimen116
\tocsubsubsecnum=\dimen117
\tocsubsubsectotal=\dimen118
\tocparanum=\dimen119
\tocparatotal=\dimen120
\tocsubparanum=\dimen121
\@tempcntc=\count97
\fnindent=\dimen122
\c@@inst=\count98
\c@@auth=\count99
\c@auco=\count100
\instindent=\dimen123
\authrun=\box52
\authorrunning=\toks14
\tocauthor=\toks15
\titrun=\box53
\titlerunning=\toks16
\toctitle=\toks17
\c@theorem=\count101
\c@case=\count102
\c@conjecture=\count103
\c@corollary=\count104
\c@definition=\count105
\c@example=\count106
\c@exercise=\count107
\c@lemma=\count108
\c@note=\count109
\c@problem=\count110
\c@property=\count111
\c@proposition=\count112
\c@question=\count113
\c@solution=\count114
\c@remark=\count115
\headlineindent=\dimen124
)
(/usr/share/texlive/texmf-dist/tex/latex/amsfonts/amssymb.sty
Package: amssymb 2013/01/14 v3.01 AMS font symbols

(/usr/share/texlive/texmf-dist/tex/latex/amsfonts/amsfonts.sty
Package: amsfonts 2013/01/14 v3.01 Basic AMSFonts support
\@emptytoks=\toks18
\symAMSa=\mathgroup4
\symAMSb=\mathgroup5
LaTeX Font Info:    Overwriting math alphabet `\mathfrak' in version `bold'
(Font)                  U/euf/m/n --> U/euf/b/n on input line 106.
))
(/usr/share/texlive/texmf-dist/tex/latex/apacite/apacite.sty
Package: apacite 2013/07/21 v6.03 APA citation
\c@BibCnt=\count116
\bibleftmargin=\skip45
\bibindent=\skip46
\bibparsep=\skip47
\bibitemsep=\skip48
\biblabelsep=\skip49
)
(/usr/share/texlive/texmf-dist/tex/latex/caption/caption.sty
Package: caption 2016/02/21 v3.3-144 Customizing captions (AR)

(/usr/share/texlive/texmf-dist/tex/latex/caption/caption3.sty
Package: caption3 2016/02/04 v1.7-139 caption3 kernel (AR)
Package caption3 Info: TeX engine: e-TeX on input line 67.

(/usr/share/texlive/texmf-dist/tex/latex/graphics/keyval.sty
Package: keyval 2014/10/28 v1.15 key=value parser (DPC)
\KV@toks@=\toks19
)
\captionmargin=\dimen125
\captionmargin@=\dimen126
\captionwidth=\dimen127
\caption@tempdima=\dimen128
\caption@indent=\dimen129
\caption@parindent=\dimen130
\caption@hangindent=\dimen131
Package caption Info: Unknown document class (or package),
(caption)             standard defaults will be used.
)

Package caption Warning: Unsupported document class (or package) detected,
(caption)                usage of the caption package is not recommended.
See the caption package documentation for explanation.

Package caption Info: \@makecaption = \long macro:#1#2->\small \vskip \abovecap
tionskip \sbox \@tempboxa {{\bfseries #1.} #2}\ifdim \wd \@tempboxa >\hsize {\b
fseries #1.} #2\par \else \global \@minipagefalse \hb@xt@ \hsize {\hfil \box \@
tempboxa \hfil }\fi \vskip \belowcaptionskip .
\c@ContinuedFloat=\count117
) (/usr/share/texlive/texmf-dist/tex/latex/multirow/multirow.sty
\bigstrutjot=\dimen132
)
(/usr/share/texlive/texmf-dist/tex/latex/tools/bm.sty
Package: bm 2014/10/28 v1.1c Bold Symbol Support (DPC/FMi)
\symboldoperators=\mathgroup6
\symboldletters=\mathgroup7
\symboldsymbols=\mathgroup8
LaTeX Font Info:    Redeclaring math alphabet \mathbf on input line 141.
LaTeX Info: Redefining \bm on input line 207.
)
(/usr/share/texlive/texmf-dist/tex/latex/siunitx/siunitx.sty
(/usr/share/texlive/texmf-dist/tex/latex/l3kernel/expl3.sty
Package: expl3 2016/01/19 v6377 L3 programming layer (loader) 

(/usr/share/texlive/texmf-dist/tex/latex/l3kernel/expl3-code.tex
Package: expl3 2016/01/19 v6377 L3 programming layer (code)
L3 Module: l3bootstrap 2016/01/01 v6339 L3 Bootstrap code
L3 Module: l3names 2015/12/21 v6328 L3 Namespace for primitives
L3 Module: l3basics 2015/11/22 v6315 L3 Basic definitions
L3 Module: l3expan 2015/09/10 v5983 L3 Argument expansion
L3 Module: l3tl 2015/09/29 v6121 L3 Token lists
L3 Module: l3str 2016/01/03 v6357 L3 Strings
L3 Module: l3seq 2015/08/05 v5777 L3 Sequences and stacks
L3 Module: l3int 2016/01/05 v6366 L3 Integers
\c_max_int=\count118
\l_tmpa_int=\count119
\l_tmpb_int=\count120
\g_tmpa_int=\count121
\g_tmpb_int=\count122
L3 Module: l3quark 2015/08/17 v5855 L3 Quarks
L3 Module: l3prg 2015/11/01 v6216 L3 Control structures
\g__prg_map_int=\count123
L3 Module: l3clist 2015/09/02 v5901 L3 Comma separated lists
L3 Module: l3token 2015/11/11 v6249 L3 Experimental token manipulation
L3 Module: l3prop 2016/01/05 v6366 L3 Property lists
L3 Module: l3msg 2015/09/28 v6113 L3 Messages
L3 Module: l3file 2015/12/03 v6317 L3 File and I/O operations
\l_iow_line_count_int=\count124
\l__iow_target_count_int=\count125
\l__iow_current_line_int=\count126
\l__iow_current_word_int=\count127
\l__iow_current_indentation_int=\count128
L3 Module: l3skip 2016/01/05 v6366 L3 Dimensions and skips
\c_zero_dim=\dimen133
\c_max_dim=\dimen134
\l_tmpa_dim=\dimen135
\l_tmpb_dim=\dimen136
\g_tmpa_dim=\dimen137
\g_tmpb_dim=\dimen138
\c_zero_skip=\skip50
\c_max_skip=\skip51
\l_tmpa_skip=\skip52
\l_tmpb_skip=\skip53
\g_tmpa_skip=\skip54
\g_tmpb_skip=\skip55
\c_zero_muskip=\muskip10
\c_max_muskip=\muskip11
\l_tmpa_muskip=\muskip12
\l_tmpb_muskip=\muskip13
\g_tmpa_muskip=\muskip14
\g_tmpb_muskip=\muskip15
L3 Module: l3keys 2015/11/17 v6284 L3 Key-value interfaces
\g__keyval_level_int=\count129
\l_keys_choice_int=\count130
L3 Module: l3fp 2015/08/25 v5890 L3 Floating points
\c__fp_leading_shift_int=\count131
\c__fp_middle_shift_int=\count132
\c__fp_trailing_shift_int=\count133
\c__fp_big_leading_shift_int=\count134
\c__fp_big_middle_shift_int=\count135
\c__fp_big_trailing_shift_int=\count136
\c__fp_Bigg_leading_shift_int=\count137
\c__fp_Bigg_middle_shift_int=\count138
\c__fp_Bigg_trailing_shift_int=\count139
L3 Module: l3box 2015/08/09 v5822 L3 Experimental boxes
\c_empty_box=\box54
\l_tmpa_box=\box55
\l_tmpb_box=\box56
\g_tmpa_box=\box57
\g_tmpb_box=\box58
L3 Module: l3coffins 2015/08/06 v5789 L3 Coffin code layer
\l__coffin_internal_box=\box59
\l__coffin_internal_dim=\dimen139
\l__coffin_offset_x_dim=\dimen140
\l__coffin_offset_y_dim=\dimen141
\l__coffin_x_dim=\dimen142
\l__coffin_y_dim=\dimen143
\l__coffin_x_prime_dim=\dimen144
\l__coffin_y_prime_dim=\dimen145
\c_empty_coffin=\box60
\l__coffin_aligned_coffin=\box61
\l__coffin_aligned_internal_coffin=\box62
\l_tmpa_coffin=\box63
\l_tmpb_coffin=\box64
\l__coffin_display_coffin=\box65
\l__coffin_display_coord_coffin=\box66
\l__coffin_display_pole_coffin=\box67
\l__coffin_display_offset_dim=\dimen146
\l__coffin_display_x_dim=\dimen147
\l__coffin_display_y_dim=\dimen148
L3 Module: l3color 2014/08/23 v5354 L3 Experimental color support
L3 Module: l3sys 2015/09/25 v6087 L3 Experimental system/runtime functions
L3 Module: l3candidates 2016/01/14 v6376 L3 Experimental additions to l3kernel
\l__box_top_dim=\dimen149
\l__box_bottom_dim=\dimen150
\l__box_left_dim=\dimen151
\l__box_right_dim=\dimen152
\l__box_top_new_dim=\dimen153
\l__box_bottom_new_dim=\dimen154
\l__box_left_new_dim=\dimen155
\l__box_right_new_dim=\dimen156
\l__box_internal_box=\box68
\l__coffin_bounding_shift_dim=\dimen157
\l__coffin_left_corner_dim=\dimen158
\l__coffin_right_corner_dim=\dimen159
\l__coffin_bottom_corner_dim=\dimen160
\l__coffin_top_corner_dim=\dimen161
\l__coffin_scaled_total_height_dim=\dimen162
\l__coffin_scaled_width_dim=\dimen163
L3 Module: l3luatex 2015/11/11 v6250 L3 Experimental LuaTeX-specific functions
)
(/usr/share/texlive/texmf-dist/tex/latex/l3kernel/l3pdfmode.def
File: l3pdfmode.def 2015/11/11 v6250 L3 Experimental driver: PDF mode
\l__driver_color_stack_int=\count140
))
(/usr/share/texlive/texmf-dist/tex/latex/l3packages/xparse/xparse.sty
Package: xparse 2016/01/19 v6377 L3 Experimental document command parser
\l__xparse_current_arg_int=\count141
\l__xparse_m_args_int=\count142
\l__xparse_mandatory_args_int=\count143
\l__xparse_processor_int=\count144
\l__xparse_v_nesting_int=\count145
)
Package: siunitx 2016/03/01 v2.6q A comprehensive (SI) units package

(/usr/share/texlive/texmf-dist/tex/latex/amsmath/amstext.sty
Package: amstext 2000/06/29 v2.01 AMS text

(/usr/share/texlive/texmf-dist/tex/latex/amsmath/amsgen.sty
File: amsgen.sty 1999/11/30 v2.0 generic functions
\@emptytoks=\toks20
\ex@=\dimen164
))
(/usr/share/texlive/texmf-dist/tex/latex/tools/array.sty
Package: array 2014/10/28 v2.4c Tabular extension package (FMi)
\col@sep=\dimen165
\extrarowheight=\dimen166
\NC@list=\toks21
\extratabsurround=\skip56
\backup@length=\skip57
)
(/usr/share/texlive/texmf-dist/tex/latex/l3packages/l3keys2e/l3keys2e.sty
Package: l3keys2e 2016/01/19 v6377 LaTeX2e option processing using LaTeX3 keys
)
\l__siunitx_tmp_box=\box69
\l__siunitx_tmp_dim=\dimen167
\l__siunitx_tmp_int=\count146
\l__siunitx_number_mantissa_length_int=\count147
\l__siunitx_number_uncert_length_int=\count148
\l__siunitx_round_int=\count149
\l__siunitx_process_decimal_int=\count150
\l__siunitx_process_uncertainty_int=\count151
\l__siunitx_process_fixed_int=\count152
\l__siunitx_process_integer_min_int=\count153
\l__siunitx_process_precision_int=\count154
\l__siunitx_group_min_int=\count155
\l__siunitx_angle_marker_box=\box70
\l__siunitx_angle_unit_box=\box71
\l__siunitx_angle_marker_dim=\dimen168
\l__siunitx_angle_unit_dim=\dimen169
\l__siunitx_unit_int=\count156
\l__siunitx_unit_denominator_int=\count157
\l__siunitx_unit_numerator_int=\count158
\l__siunitx_unit_prefix_int=\count159
\l__siunitx_unit_prefix_base_int=\count160
\l__siunitx_unit_prefix_gram_int=\count161
\l__siunitx_number_product_int=\count162
\c__siunitx_one_fill_skip=\skip58
\l__siunitx_table_unit_align_skip=\skip59
\l__siunitx_table_exponent_dim=\dimen170
\l__siunitx_table_integer_dim=\dimen171
\l__siunitx_table_mantissa_dim=\dimen172
\l__siunitx_table_marker_dim=\dimen173
\l__siunitx_table_result_dim=\dimen174
\l__siunitx_table_uncert_dim=\dimen175
\l__siunitx_table_fill_pre_dim=\dimen176
\l__siunitx_table_fill_post_dim=\dimen177
\l__siunitx_table_fill_mid_dim=\dimen178
\l__siunitx_table_pre_box=\box72
\l__siunitx_table_post_box=\box73
\l__siunitx_table_mantissa_box=\box74
\l__siunitx_table_result_box=\box75
\l__siunitx_table_number_align_skip=\skip60
\l__siunitx_table_text_align_skip=\skip61
.................................................
. LaTeX info: "xparse/define-command"
. 
. Defining command \DeclareBinaryPrefix with sig. 'mmm' on line 7218.
.................................................
.................................................
. LaTeX info: "xparse/define-command"
. 
. Defining command \DeclareSIPostPower with sig. 'mm' on line 7221.
.................................................
.................................................
. LaTeX info: "xparse/define-command"
. 
. Defining command \DeclareSIPrefix with sig. 'mmm' on line 7224.
.................................................
.................................................
. LaTeX info: "xparse/define-command"
. 
. Defining command \DeclareSIPrePower with sig. 'mm' on line 7227.
.................................................
.................................................
. LaTeX info: "xparse/define-command"
. 
. Defining command \DeclareSIQualifier with sig. 'mm' on line 7230.
.................................................
.................................................
. LaTeX info: "xparse/define-command"
. 
. Defining command \DeclareSIUnit with sig. 'O{}mm' on line 7233.
.................................................
.................................................
. LaTeX info: "xparse/define-command"
. 
. Defining command \DeclareSIUnitWithOptions with sig. 'mmm' on line 7236.
.................................................
.................................................
. LaTeX info: "xparse/define-command"
. 
. Defining command \ang with sig. 'o>{\SplitArgument {2}{;}}m' on line 7251.
.................................................
.................................................
. LaTeX info: "xparse/define-command"
. 
. Defining command \num with sig. 'om' on line 7260.
.................................................
.................................................
. LaTeX info: "xparse/define-command"
. 
. Defining command \numlist with sig. 'o>{\SplitList {;}}m' on line 7269.
.................................................
.................................................
. LaTeX info: "xparse/define-command"
. 
. Defining command \numrange with sig. 'omm' on line 7278.
.................................................
.................................................
. LaTeX info: "xparse/define-command"
. 
. Defining command \SIlist with sig. 'o>{\SplitList {;}}mm' on line 7290.
.................................................
.................................................
. LaTeX info: "xparse/define-command"
. 
. Defining command \SIrange with sig. 'ommm' on line 7302.
.................................................
.................................................
. LaTeX info: "xparse/define-command"
. 
. Defining command \SI with sig. 'omom' on line 7314.
.................................................
.................................................
. LaTeX info: "xparse/define-command"
. 
. Defining command \sisetup with sig. 'm' on line 7317.
.................................................
.................................................
. LaTeX info: "xparse/define-command"
. 
. Defining command \tablenum with sig. 'om' on line 7332.
.................................................
.................................................
. LaTeX info: "xparse/define-command"
. 
. Defining command \si with sig. 'om' on line 7344.
.................................................
.................................................
. LaTeX info: "xparse/define-command"
. 
. Defining command \__siunitx_bookmark_num:w with sig. 'om' on line 7391.
.................................................
.................................................
. LaTeX info: "xparse/define-command"
. 
. Defining command \__siunitx_bookmark_numrange:w with sig. 'omm' on line
. 7393.
.................................................
.................................................
. LaTeX info: "xparse/define-command"
. 
. Defining command \__siunitx_bookmark_SI:w with sig. 'omom' on line 7395.
.................................................
.................................................
. LaTeX info: "xparse/define-command"
. 
. Defining command \__siunitx_bookmark_SIlist:w with sig. 'omm' on line 7397.
.................................................
.................................................
. LaTeX info: "xparse/define-command"
. 
. Defining command \__siunitx_bookmark_SIrange:w with sig. 'ommm' on line
. 7399.
.................................................
.................................................
. LaTeX info: "xparse/define-command"
. 
. Defining command \__siunitx_bookmark_si:w with sig. 'om' on line 7400.
.................................................
\g__file_internal_ior=\read1

(/usr/share/texlive/texmf-dist/tex/latex/beamer/translator/translator.sty
Package: translator 2010/06/12 ver 1.10

(/usr/share/texlive/texmf-dist/tex/latex/beamer/translator/translator-language-
mappings.tex)))
(/usr/share/texlive/texmf-dist/tex/latex/l3packages/xfrac/xfrac.sty
(/usr/share/texlive/texmf-dist/tex/latex/graphics/graphicx.sty
Package: graphicx 2014/10/28 v1.0g Enhanced LaTeX Graphics (DPC,SPQR)

(/usr/share/texlive/texmf-dist/tex/latex/graphics/graphics.sty
Package: graphics 2016/01/03 v1.0q Standard LaTeX Graphics (DPC,SPQR)

(/usr/share/texlive/texmf-dist/tex/latex/graphics/trig.sty
Package: trig 2016/01/03 v1.10 sin cos tan (DPC)
)
(/usr/share/texlive/texmf-dist/tex/latex/latexconfig/graphics.cfg
File: graphics.cfg 2010/04/23 v1.9 graphics configuration of TeX Live
)
Package graphics Info: Driver file: pdftex.def on input line 95.

(/usr/share/texlive/texmf-dist/tex/latex/pdftex-def/pdftex.def
File: pdftex.def 2011/05/27 v0.06d Graphics/color for pdfTeX

(/usr/share/texlive/texmf-dist/tex/generic/oberdiek/infwarerr.sty
Package: infwarerr 2010/04/08 v1.3 Providing info/warning/error messages (HO)
)
(/usr/share/texlive/texmf-dist/tex/generic/oberdiek/ltxcmds.sty
Package: ltxcmds 2011/11/09 v1.22 LaTeX kernel commands for general use (HO)
)
\Gread@gobject=\count163
))
\Gin@req@height=\dimen179
\Gin@req@width=\dimen180
)
(/usr/share/texlive/texmf-dist/tex/latex/base/textcomp.sty
Package: textcomp 2005/09/27 v1.99g Standard LaTeX package
Package textcomp Info: Sub-encoding information:
(textcomp)               5 = only ISO-Adobe without \textcurrency
(textcomp)               4 = 5 + \texteuro
(textcomp)               3 = 4 + \textohm
(textcomp)               2 = 3 + \textestimated + \textcurrency
(textcomp)               1 = TS1 - \textcircled - \t
(textcomp)               0 = TS1 (full)
(textcomp)             Font families with sub-encoding setting implement
(textcomp)             only a restricted character set as indicated.
(textcomp)             Family '?' is the default used for unknown fonts.
(textcomp)             See the documentation for details.
Package textcomp Info: Setting ? sub-encoding to TS1/1 on input line 79.

(/usr/share/texlive/texmf-dist/tex/latex/base/ts1enc.def
File: ts1enc.def 2001/06/05 v3.0e (jk/car/fm) Standard LaTeX file
)
LaTeX Info: Redefining \oldstylenums on input line 334.
Package textcomp Info: Setting cmr sub-encoding to TS1/0 on input line 349.
Package textcomp Info: Setting cmss sub-encoding to TS1/0 on input line 350.
Package textcomp Info: Setting cmtt sub-encoding to TS1/0 on input line 351.
Package textcomp Info: Setting cmvtt sub-encoding to TS1/0 on input line 352.
Package textcomp Info: Setting cmbr sub-encoding to TS1/0 on input line 353.
Package textcomp Info: Setting cmtl sub-encoding to TS1/0 on input line 354.
Package textcomp Info: Setting ccr sub-encoding to TS1/0 on input line 355.
Package textcomp Info: Setting ptm sub-encoding to TS1/4 on input line 356.
Package textcomp Info: Setting pcr sub-encoding to TS1/4 on input line 357.
Package textcomp Info: Setting phv sub-encoding to TS1/4 on input line 358.
Package textcomp Info: Setting ppl sub-encoding to TS1/3 on input line 359.
Package textcomp Info: Setting pag sub-encoding to TS1/4 on input line 360.
Package textcomp Info: Setting pbk sub-encoding to TS1/4 on input line 361.
Package textcomp Info: Setting pnc sub-encoding to TS1/4 on input line 362.
Package textcomp Info: Setting pzc sub-encoding to TS1/4 on input line 363.
Package textcomp Info: Setting bch sub-encoding to TS1/4 on input line 364.
Package textcomp Info: Setting put sub-encoding to TS1/5 on input line 365.
Package textcomp Info: Setting uag sub-encoding to TS1/5 on input line 366.
Package textcomp Info: Setting ugq sub-encoding to TS1/5 on input line 367.
Package textcomp Info: Setting ul8 sub-encoding to TS1/4 on input line 368.
Package textcomp Info: Setting ul9 sub-encoding to TS1/4 on input line 369.
Package textcomp Info: Setting augie sub-encoding to TS1/5 on input line 370.
Package textcomp Info: Setting dayrom sub-encoding to TS1/3 on input line 371.
Package textcomp Info: Setting dayroms sub-encoding to TS1/3 on input line 372.

Package textcomp Info: Setting pxr sub-encoding to TS1/0 on input line 373.
Package textcomp Info: Setting pxss sub-encoding to TS1/0 on input line 374.
Package textcomp Info: Setting pxtt sub-encoding to TS1/0 on input line 375.
Package textcomp Info: Setting txr sub-encoding to TS1/0 on input line 376.
Package textcomp Info: Setting txss sub-encoding to TS1/0 on input line 377.
Package textcomp Info: Setting txtt sub-encoding to TS1/0 on input line 378.
Package textcomp Info: Setting lmr sub-encoding to TS1/0 on input line 379.
Package textcomp Info: Setting lmdh sub-encoding to TS1/0 on input line 380.
Package textcomp Info: Setting lmss sub-encoding to TS1/0 on input line 381.
Package textcomp Info: Setting lmssq sub-encoding to TS1/0 on input line 382.
Package textcomp Info: Setting lmvtt sub-encoding to TS1/0 on input line 383.
Package textcomp Info: Setting lmtt sub-encoding to TS1/0 on input line 384.
Package textcomp Info: Setting qhv sub-encoding to TS1/0 on input line 385.
Package textcomp Info: Setting qag sub-encoding to TS1/0 on input line 386.
Package textcomp Info: Setting qbk sub-encoding to TS1/0 on input line 387.
Package textcomp Info: Setting qcr sub-encoding to TS1/0 on input line 388.
Package textcomp Info: Setting qcs sub-encoding to TS1/0 on input line 389.
Package textcomp Info: Setting qpl sub-encoding to TS1/0 on input line 390.
Package textcomp Info: Setting qtm sub-encoding to TS1/0 on input line 391.
Package textcomp Info: Setting qzc sub-encoding to TS1/0 on input line 392.
Package textcomp Info: Setting qhvc sub-encoding to TS1/0 on input line 393.
Package textcomp Info: Setting futs sub-encoding to TS1/4 on input line 394.
Package textcomp Info: Setting futx sub-encoding to TS1/4 on input line 395.
Package textcomp Info: Setting futj sub-encoding to TS1/4 on input line 396.
Package textcomp Info: Setting hlh sub-encoding to TS1/3 on input line 397.
Package textcomp Info: Setting hls sub-encoding to TS1/3 on input line 398.
Package textcomp Info: Setting hlst sub-encoding to TS1/3 on input line 399.
Package textcomp Info: Setting hlct sub-encoding to TS1/5 on input line 400.
Package textcomp Info: Setting hlx sub-encoding to TS1/5 on input line 401.
Package textcomp Info: Setting hlce sub-encoding to TS1/5 on input line 402.
Package textcomp Info: Setting hlcn sub-encoding to TS1/5 on input line 403.
Package textcomp Info: Setting hlcw sub-encoding to TS1/5 on input line 404.
Package textcomp Info: Setting hlcf sub-encoding to TS1/5 on input line 405.
Package textcomp Info: Setting pplx sub-encoding to TS1/3 on input line 406.
Package textcomp Info: Setting pplj sub-encoding to TS1/3 on input line 407.
Package textcomp Info: Setting ptmx sub-encoding to TS1/4 on input line 408.
Package textcomp Info: Setting ptmj sub-encoding to TS1/4 on input line 409.
)
(/usr/share/texlive/texmf-dist/tex/latex/l3packages/xtemplate/xtemplate.sty
Package: xtemplate 2016/01/19 v6377 L3 Experimental prototype document function
s
\l__xtemplate_tmp_dim=\dimen181
\l__xtemplate_tmp_int=\count164
\l__xtemplate_tmp_muskip=\muskip16
\l__xtemplate_tmp_skip=\skip62
)
Package: xfrac 2016/01/19 v6377 L3 Experimental split-level fractions
\l__xfrac_slash_box=\box76
\l__xfrac_tmp_box=\box77
\l__xfrac_denominator_bot_sep_dim=\dimen182
\l__xfrac_numerator_bot_sep_dim=\dimen183
\l__xfrac_numerator_top_sep_dim=\dimen184
\l__xfrac_slash_left_sep_dim=\dimen185
\l__xfrac_slash_right_sep_dim=\dimen186
\l__xfrac_slash_left_muskip=\muskip17
\l__xfrac_slash_right_muskip=\muskip18
.................................................
. xtemplate info: "declare-object-type"
. 
. Declaring object type 'xfrac' taking 3 argument(s) on line 111.
.................................................
.................................................
. LaTeX info: "xparse/define-command"
. 
. Defining command \sfrac with sig. 'omom' on line 451.
.................................................
)
(/usr/share/texlive/texmf-dist/tex/latex/enumitem/enumitem.sty
Package: enumitem 2011/09/28 v3.5.2 Customized lists
\labelindent=\skip63
\enit@outerparindent=\dimen187
\enit@toks=\toks22
\enit@inbox=\box78
\enitdp@description=\count165
)
(/usr/share/texmf/tex/latex/feynmf/feynmp.sty
Package: feynmp 1996/12/02 v1.08 LaTeX/MetaPost Feynman Diagram Package (ohl)
\@outfmf=\write3
\fmfbuf@=\toks23
\c@fmfgraph=\count166
)
(/usr/share/texlive/texmf-dist/tex/latex/cancel/cancel.sty
Package: cancel 2013/04/12 v2.2 Cancel math terms
)
(/usr/share/texlive/texmf-dist/tex/latex/amsmath/amsmath.sty
Package: amsmath 2016/03/03 v2.15a AMS math features
\@mathmargin=\skip64

For additional information on amsmath, use the `?' option.
(/usr/share/texlive/texmf-dist/tex/latex/amsmath/amsbsy.sty
Package: amsbsy 1999/11/29 v1.2d Bold Symbols
LaTeX Info: Redefining \boldsymbol on input line 28.
\pmbraise@=\dimen188
)
(/usr/share/texlive/texmf-dist/tex/latex/amsmath/amsopn.sty
Package: amsopn 1999/12/14 v2.01 operator names
)
\inf@bad=\count167
LaTeX Info: Redefining \frac on input line 199.
\uproot@=\count168
\leftroot@=\count169
LaTeX Info: Redefining \overline on input line 297.
\classnum@=\count170
\DOTSCASE@=\count171
LaTeX Info: Redefining \ldots on input line 394.
LaTeX Info: Redefining \dots on input line 397.
LaTeX Info: Redefining \cdots on input line 518.
\Mathstrutbox@=\box79
\strutbox@=\box80
\big@size=\dimen189
LaTeX Font Info:    Redeclaring font encoding OML on input line 630.
LaTeX Font Info:    Redeclaring font encoding OMS on input line 631.


Package amsmath Warning: Unable to redefine math accent \vec.

\macc@depth=\count172
\c@MaxMatrixCols=\count173
\dotsspace@=\muskip19
\c@parentequation=\count174
\dspbrk@lvl=\count175
\tag@help=\toks24
\row@=\count176
\column@=\count177
\maxfields@=\count178
\andhelp@=\toks25
\eqnshift@=\dimen190
\alignsep@=\dimen191
\tagshift@=\dimen192
\tagwidth@=\dimen193
\totwidth@=\dimen194
\lineht@=\dimen195
\@envbody=\toks26
\multlinegap=\skip65
\multlinetaggap=\skip66
\mathdisplay@stack=\toks27
LaTeX Info: Redefining \[ on input line 2735.
LaTeX Info: Redefining \] on input line 2736.
) (/usr/share/texlive/texmf-dist/tex/latex/amsmath/amsxtra.sty
Package: amsxtra 1999/11/15 v1.2c AMS extra commands
LaTeX Info: Redefining \nobreakspace on input line 54.
)
(/usr/share/texlive/texmf-dist/tex/latex/subfigure/subfigure.sty
Package: subfigure 2002/03/15 v2.1.5 subfigure package
\subfigtopskip=\skip67
\subfigcapskip=\skip68
\subfigcaptopadj=\dimen196
\subfigbottomskip=\skip69
\subfigcapmargin=\dimen197
\subfiglabelskip=\skip70
\c@subfigure=\count179
\c@lofdepth=\count180
\c@subtable=\count181
\c@lotdepth=\count182

****************************************
* Local config file subfigure.cfg used *
****************************************
(/usr/share/texlive/texmf-dist/tex/latex/subfigure/subfigure.cfg)
\subfig@top=\skip71
\subfig@bottom=\skip72
)
(/usr/share/texlive/texmf-dist/tex/latex/rotating/rotating.sty
Package: rotating 2009/03/28 v2.16a rotated objects in LaTeX

(/usr/share/texlive/texmf-dist/tex/latex/base/ifthen.sty
Package: ifthen 2014/09/29 v1.1c Standard LaTeX ifthen package (DPC)
)
\c@r@tfl@t=\count183
\rotFPtop=\skip73
\rotFPbot=\skip74
\rot@float@box=\box81
\rot@mess@toks=\toks28
)
(/usr/share/texlive/texmf-dist/tex/latex/graphics/color.sty
Package: color 2016/01/03 v1.1b Standard LaTeX Color (DPC)

(/usr/share/texlive/texmf-dist/tex/latex/latexconfig/color.cfg
File: color.cfg 2007/01/18 v1.5 color configuration of teTeX/TeXLive
)
Package color Info: Driver file: pdftex.def on input line 143.
)
(/usr/share/texlive/texmf-dist/tex/latex/graphics/epsfig.sty
Package: epsfig 1999/02/16 v1.7a (e)psfig emulation (SPQR)
\epsfxsize=\dimen198
\epsfysize=\dimen199
)
(/usr/share/texlive/texmf-dist/tex/latex/float/float.sty
Package: float 2001/11/08 v1.3d Float enhancements (AL)
\c@float@type=\count184
\float@exts=\toks29
\float@box=\box82
\@float@everytoks=\toks30
\@floatcapt=\box83
)
(/usr/share/texlive/texmf-dist/tex/latex/url/url.sty
\Urlmuskip=\muskip20
Package: url 2013/09/16  ver 3.4  Verb mode for urls, etc.
) (./report.aux

LaTeX Warning: Label `my-label' multiply defined.


LaTeX Warning: Label `fig:my_car' multiply defined.

)
\openout1 = `report.aux'.

LaTeX Font Info:    Checking defaults for OML/cmm/m/it on input line 62.
LaTeX Font Info:    ... okay on input line 62.
LaTeX Font Info:    Checking defaults for T1/cmr/m/n on input line 62.
LaTeX Font Info:    ... okay on input line 62.
LaTeX Font Info:    Checking defaults for OT1/cmr/m/n on input line 62.
LaTeX Font Info:    ... okay on input line 62.
LaTeX Font Info:    Checking defaults for OMS/cmsy/m/n on input line 62.
LaTeX Font Info:    ... okay on input line 62.
LaTeX Font Info:    Checking defaults for OMX/cmex/m/n on input line 62.
LaTeX Font Info:    ... okay on input line 62.
LaTeX Font Info:    Checking defaults for U/cmr/m/n on input line 62.
LaTeX Font Info:    ... okay on input line 62.
LaTeX Font Info:    Checking defaults for TS1/cmr/m/n on input line 62.
LaTeX Font Info:    Try loading font information for TS1+cmr on input line 62.
 (/usr/share/texlive/texmf-dist/tex/latex/base/ts1cmr.fd
File: ts1cmr.fd 2014/09/29 v2.5h Standard LaTeX font definitions
)
LaTeX Font Info:    ... okay on input line 62.
\c@maskedRefs=\count185

(/usr/share/texlive/texmf-dist/tex/latex/apacite/english.apc
File: english.apc 2013/07/21 v6.03 apacite language file
LaTeX Info: Redefining \BPBI on input line 129.
LaTeX Info: Redefining \BHBI on input line 130.
)
Package caption Info: Begin \AtBeginDocument code.
Package caption Info: float package is loaded.
Package caption Info: rotating package is loaded.
Package caption Info: subfigure package is loaded.
Package caption Info: End \AtBeginDocument code.

(/usr/share/texlive/texmf-dist/tex/latex/beamer/translator/dicts/translator-bas
ic-dictionary/translator-basic-dictionary-English.dict
Dictionary: translator-basic-dictionary, Language: English 
)
(/usr/share/texlive/texmf-dist/tex/latex/siunitx/siunitx-abbreviations.cfg
File: siunitx-abbreviations.cfg 2016/03/01 v2.6q siunitx: Abbreviated units
)
(/usr/share/texlive/texmf-dist/tex/context/base/supp-pdf.mkii
[Loading MPS to PDF converter (version 2006.09.02).]
\scratchcounter=\count186
\scratchdimen=\dimen256
\scratchbox=\box84
\nofMPsegments=\count187
\nofMParguments=\count188
\everyMPshowfont=\toks31
\MPscratchCnt=\count189
\MPscratchDim=\dimen257
\MPnumerator=\count190
\makeMPintoPDFobject=\count191
\everyMPtoPDFconversion=\toks32
) (/usr/share/texlive/texmf-dist/tex/generic/oberdiek/pdftexcmds.sty
Package: pdftexcmds 2011/11/29 v0.20 Utility functions of pdfTeX for LuaTeX (HO
)

(/usr/share/texlive/texmf-dist/tex/generic/oberdiek/ifluatex.sty
Package: ifluatex 2010/03/01 v1.3 Provides the ifluatex switch (HO)
Package ifluatex Info: LuaTeX not detected.
)
(/usr/share/texlive/texmf-dist/tex/generic/oberdiek/ifpdf.sty
Package: ifpdf 2011/01/30 v2.3 Provides the ifpdf switch (HO)
Package ifpdf Info: pdfTeX in PDF mode is detected.
)
Package pdftexcmds Info: LuaTeX not detected.
Package pdftexcmds Info: \pdf@primitive is available.
Package pdftexcmds Info: \pdf@ifprimitive is available.
Package pdftexcmds Info: \pdfdraftmode found.
)
(/usr/share/texlive/texmf-dist/tex/latex/oberdiek/epstopdf-base.sty
Package: epstopdf-base 2010/02/09 v2.5 Base part for package epstopdf

(/usr/share/texlive/texmf-dist/tex/latex/oberdiek/grfext.sty
Package: grfext 2010/08/19 v1.1 Manage graphics extensions (HO)

(/usr/share/texlive/texmf-dist/tex/generic/oberdiek/kvdefinekeys.sty
Package: kvdefinekeys 2011/04/07 v1.3 Define keys (HO)
))
(/usr/share/texlive/texmf-dist/tex/latex/oberdiek/kvoptions.sty
Package: kvoptions 2011/06/30 v3.11 Key value format for package options (HO)

(/usr/share/texlive/texmf-dist/tex/generic/oberdiek/kvsetkeys.sty
Package: kvsetkeys 2012/04/25 v1.16 Key value parser (HO)

(/usr/share/texlive/texmf-dist/tex/generic/oberdiek/etexcmds.sty
Package: etexcmds 2011/02/16 v1.5 Avoid name clashes with e-TeX commands (HO)
Package etexcmds Info: Could not find \expanded.
(etexcmds)             That can mean that you are not using pdfTeX 1.50 or
(etexcmds)             that some package has redefined \expanded.
(etexcmds)             In the latter case, load this package earlier.
)))
Package grfext Info: Graphics extension search list:
(grfext)             [.png,.pdf,.jpg,.mps,.jpeg,.jbig2,.jb2,.PNG,.PDF,.JPG,.JPE
G,.JBIG2,.JB2,.eps]
(grfext)             \AppendGraphicsExtensions on input line 452.

(/usr/share/texlive/texmf-dist/tex/latex/latexconfig/epstopdf-sys.cfg
File: epstopdf-sys.cfg 2010/07/13 v1.3 Configuration of (r)epstopdf for TeX Liv
e
))
\c__siunitx_mathsf_int=\count192
LaTeX Font Info:    Try loading font information for U+msa on input line 62.

(/usr/share/texlive/texmf-dist/tex/latex/amsfonts/umsa.fd
File: umsa.fd 2013/01/14 v3.01 AMS symbols A
)
LaTeX Font Info:    Try loading font information for U+msb on input line 62.

(/usr/share/texlive/texmf-dist/tex/latex/amsfonts/umsb.fd
File: umsb.fd 2013/01/14 v3.01 AMS symbols B
)
\c__siunitx_mathtt_int=\count193

Underfull \hbox (badness 10000) in paragraph at lines 106--107

 []


Underfull \hbox (badness 1275) in paragraph at lines 112--112
[]\OT1/cmr/bx/n/12 Introduction 
 []


Underfull \hbox (badness 10000) in paragraph at lines 113--114

 []


Underfull \hbox (badness 10000) in paragraph at lines 115--116

 []

[1


{/var/lib/texmf/fonts/map/pdftex/updmap/pdftex.map}]
Underfull \hbox (badness 10000) in paragraph at lines 118--119

 []

Missing character: There is no ‚ in font cmr7!
Missing character: There is no Ä in font cmr7!
Missing character: There is no ì in font cmr7!

LaTeX Warning: Citation `CERN' undefined on input line 120.


Underfull \hbox (badness 10000) in paragraph at lines 120--121

 []


LaTeX Warning: Citation `aad2012observation' undefined on input line 122.

Missing character: There is no ‚ in font cmr10!
Missing character: There is no Ä in font cmr10!
Missing character: There is no ô in font cmr10!
<atlas.png, id=14, 310.2792pt x 261.1356pt>
File: atlas.png Graphic file (type png)
 <use atlas.png>
Package pdftex.def Info: atlas.png used on input line 125.
(pdftex.def)             Requested size: 236.65738pt x 199.16928pt.

Underfull \hbox (badness 10000) in paragraph at lines 122--131
 
 []


Underfull \vbox (badness 10000) has occurred while \output is active []

 [2]
Underfull \hbox (badness 1137) in paragraph at lines 131--131
[]\OT1/cmr/bx/n/10 The Standard Model 
 []


Underfull \hbox (badness 10000) in paragraph at lines 133--134

 []

<standardmodel.png, id=24, 289.5618pt x 217.7736pt>
File: standardmodel.png Graphic file (type png)
 <use standardmodel.png>
Package pdftex.def Info: standardmodel.png used on input line 138.
(pdftex.def)             Requested size: 245.9166pt x 184.9429pt.

Underfull \hbox (badness 2042) in paragraph at lines 139--139
[]\OT1/cmr/m/n/10 Fig.2: |The el-e-men-tary par-ti-cles de-scribed by the SM. R
e-trieved from:
 []


LaTeX Warning: Citation `raby1997neutrino' undefined on input line 144.


Underfull \hbox (badness 10000) in paragraph at lines 144--145

 []

[3 <./atlas.png>]
Underfull \hbox (badness 10000) in paragraph at lines 146--147

 []


Underfull \hbox (badness 10000) in paragraph at lines 148--149

 []

Missing character: There is no ‚ in font cmr10!
Missing character: There is no Ä in font cmr10!
Missing character: There is no ú in font cmr10!
Missing character: There is no ‚ in font cmr10!
Missing character: There is no Ä in font cmr10!
Missing character: There is no ù in font cmr10!
Missing character: There is no ‚ in font cmr10!
Missing character: There is no Ä in font cmr10!
Missing character: There is no ô in font cmr10!

LaTeX Warning: Citation `melnikov2010w+' undefined on input line 150.


Underfull \hbox (badness 10000) in paragraph at lines 150--151

 []


Underfull \vbox (badness 10000) has occurred while \output is active []

 [4 <./standardmodel.png>]
Underfull \hbox (badness 1360) in paragraph at lines 153--153
[]\OT1/cmr/bx/n/10 Collision Dynamics 
 []


Underfull \hbox (badness 10000) in paragraph at lines 155--156

 []


Underfull \hbox (badness 10000) in paragraph at lines 157--158
\OT1/cmr/m/n/10 rectly iden-tify pro-cesses of in-ter-est.
 []


LaTeX Warning: Citation `griffithsintroduction' undefined on input line 162.


Underfull \hbox (badness 10000) in paragraph at lines 162--163

 []


Underfull \hbox (badness 10000) in paragraph at lines 164--165

 []


Underfull \hbox (badness 10000) in paragraph at lines 166--166
[]
 []


Underfull \hbox (badness 10000) in paragraph at lines 170--171

 []

[5]

LaTeX Warning: Citation `helliwell2010special' undefined on input line 172.


Underfull \hbox (badness 10000) in paragraph at lines 172--173

 []


Underfull \hbox (badness 10000) in paragraph at lines 174--174
[]
 []

LaTeX Font Info:    Calculating math sizes for size <6.99997> on input line 175
.

LaTeX Font Warning: Font shape `OT1/cmr/m/n' in size <3.49998> not available
(Font)              size <5> substituted on input line 175.


LaTeX Font Warning: Font shape `OML/cmm/m/it' in size <3.49998> not available
(Font)              size <5> substituted on input line 175.


LaTeX Font Warning: Font shape `OMS/cmsy/m/n' in size <3.49998> not available
(Font)              size <5> substituted on input line 175.


LaTeX Font Warning: Font shape `OT1/cmss/m/n' in size <3.49998> not available
(Font)              size <5> substituted on input line 175.


LaTeX Font Warning: Font shape `OT1/cmtt/m/n' in size <3.49998> not available
(Font)              size <5> substituted on input line 175.


LaTeX Font Warning: Font shape `OT1/cmr/bx/n' in size <3.49998> not available
(Font)              size <5> substituted on input line 175.


LaTeX Font Warning: Font shape `OML/cmm/b/it' in size <3.49998> not available
(Font)              size <5> substituted on input line 175.


LaTeX Font Warning: Font shape `OMS/cmsy/b/n' in size <3.49998> not available
(Font)              size <5> substituted on input line 175.


Underfull \hbox (badness 10000) in paragraph at lines 178--179

 []


LaTeX Warning: Citation `aaltonen2012precise' undefined on input line 180.


Underfull \hbox (badness 10000) in paragraph at lines 180--181

 []


Underfull \hbox (badness 10000) in paragraph at lines 182--182
[]
 []

Missing character: There is no ‚ in font cmr10!
Missing character: There is no Ä in font cmr10!
Missing character: There is no ô in font cmr10!

Underfull \hbox (badness 10000) in paragraph at lines 186--187

 []

[6]
Underfull \hbox (badness 1320) in paragraph at lines 190--190
[]\OT1/cmr/bx/n/10 Background Signals 
 []


Underfull \hbox (badness 10000) in paragraph at lines 192--193

 []


Underfull \hbox (badness 10000) in paragraph at lines 194--195

 []


Underfull \hbox (badness 10000) in paragraph at lines 196--197

 []


Underfull \hbox (badness 10000) in paragraph at lines 204--205

 []


Underfull \hbox (badness 10000) in paragraph at lines 206--207

 []

LaTeX Font Info:    Try loading font information for OT1+pcr on input line 208.

(/usr/share/texlive/texmf-dist/tex/latex/psnfss/ot1pcr.fd
File: ot1pcr.fd 2001/06/04 font definitions for OT1/pcr.
)
Underfull \hbox (badness 10000) in paragraph at lines 208--209

 []

[7]
Underfull \hbox (badness 10000) in paragraph at lines 211--212

 []


Underfull \hbox (badness 2662) in paragraph at lines 217--217
[]\OT1/cmr/bx/n/10 Statistics 
 []


Underfull \hbox (badness 10000) in paragraph at lines 219--220

 []


Underfull \hbox (badness 10000) in paragraph at lines 221--222

 []


Underfull \hbox (badness 10000) in paragraph at lines 223--223
[]
 []


Underfull \hbox (badness 10000) in paragraph at lines 227--228

 []

[8]
Underfull \hbox (badness 10000) in paragraph at lines 229--229
[]
 []


Underfull \hbox (badness 10000) in paragraph at lines 233--234

 []


Underfull \hbox (badness 2626) in paragraph at lines 246--246
[]\OT1/cmr/bx/n/10 Z Decay 
 []


LaTeX Warning: Citation `BeringerZ' undefined on input line 248.


Underfull \hbox (badness 10000) in paragraph at lines 248--249

 []

<feynm_Z.png, id=53, 259.97125pt x 233.87375pt>
File: feynm_Z.png Graphic file (type png)
 <use feynm_Z.png>
Package pdftex.def Info: feynm_Z.png used on input line 252.
(pdftex.def)             Requested size: 79.07095pt x 71.13188pt.
 [9 <./feynm_Z.png>]
Underfull \hbox (badness 10000) in paragraph at lines 268--269

 []

<InvM_Zee_fit.png, id=58, 1580.90625pt x 990.70125pt>
File: InvM_Zee_fit.png Graphic file (type png)
 <use InvM_Zee_fit.png>
Package pdftex.def Info: InvM_Zee_fit.png used on input line 272.
(pdftex.def)             Requested size: 181.59535pt x 113.81102pt.

Underfull \hbox (badness 10000) in paragraph at lines 277--278

 []

<MTE_Zee+new.png, id=59, 1580.90625pt x 978.65625pt>
File: MTE_Zee+new.png Graphic file (type png)
 <use MTE_Zee+new.png>
Package pdftex.def Info: MTE_Zee+new.png used on input line 281.
(pdftex.def)             Requested size: 183.83876pt x 113.81102pt.

Underfull \hbox (badness 10000) in paragraph at lines 286--287

 []


Underfull \vbox (badness 3657) has occurred while \output is active []

 [10 <./InvM_Zee_fit.png> <./MTE_Zee+new.png>]
<NoJ_Zee+new.png, id=63, 1580.90625pt x 940.51375pt>
File: NoJ_Zee+new.png Graphic file (type png)
 <use NoJ_Zee+new.png>
Package pdftex.def Info: NoJ_Zee+new.png used on input line 291.
(pdftex.def)             Requested size: 176.93968pt x 105.2751pt.


LaTeX Warning: Citation `Agashe:2014kda' undefined on input line 300.


Underfull \hbox (badness 10000) in paragraph at lines 300--301

 []

<InvM_Zmumu_fit.png, id=64, 1580.90625pt x 940.51375pt>
File: InvM_Zmumu_fit.png Graphic file (type png)

<use InvM_Zmumu_fit.png>
Package pdftex.def Info: InvM_Zmumu_fit.png used on input line 304.
(pdftex.def)             Requested size: 176.93968pt x 105.2751pt.


LaTeX Warning: Citation `pizio2010missing' undefined on input line 309.


Underfull \hbox (badness 10000) in paragraph at lines 309--310

 []

<MTE_Zmumu_new.png, id=65, 1580.90625pt x 990.70125pt>
File: MTE_Zmumu_new.png Graphic file (type png)
 <use MTE_Zmumu_new.png>
Package pdftex.def Info: MTE_Zmumu_new.png used on input line 313.
(pdftex.def)             Requested size: 167.99017pt x 105.2751pt.

Underfull \hbox (badness 10000) in paragraph at lines 318--319

 []

[11 <./NoJ_Zee+new.png>]
<deltaphi_jet0_met_Zmumu_fit.png, id=69, 1580.90625pt x 940.51375pt>
File: deltaphi_jet0_met_Zmumu_fit.png Graphic file (type png)

<use deltaphi_jet0_met_Zmumu_fit.png>
Package pdftex.def Info: deltaphi_jet0_met_Zmumu_fit.png used on input line 322
.
(pdftex.def)             Requested size: 191.29266pt x 113.81102pt.

Underfull \hbox (badness 10000) in paragraph at lines 331--332

 []

<zdecaymodes.png, id=70, 805.0075pt x 222.8325pt>
File: zdecaymodes.png Graphic file (type png)
 <use zdecaymodes.png>
Package pdftex.def Info: zdecaymodes.png used on input line 335.
(pdftex.def)             Requested size: 256.96893pt x 71.13188pt.

[12 <./InvM_Zmumu_fit.png> <./MTE_Zmumu_new.png>]
Underfull \hbox (badness 2435) in paragraph at lines 343--343
[]\OT1/cmr/bx/n/10 ZZ Decay 
 []


Underfull \hbox (badness 10000) in paragraph at lines 346--347

 []

<feynm_ZZ.png, id=74, 511.9125pt x 606.265pt>
File: feynm_ZZ.png Graphic file (type png)
 <use feynm_ZZ.png>
Package pdftex.def Info: feynm_ZZ.png used on input line 350.
(pdftex.def)             Requested size: 72.07344pt x 85.35826pt.

Underfull \hbox (badness 10000) in paragraph at lines 355--356

 []

[13 <./deltaphi_jet0_met_Zmumu_fit.png> <./zdecaymodes.png> <./feynm_ZZ.png>]
Underfull \hbox (badness 10000) in paragraph at lines 357--357
[]
 []


Underfull \hbox (badness 10000) in paragraph at lines 361--362

 []

<MyInvariantMassHistoWtihFit_ZZ.png, id=80, 1580.90625pt x 940.51375pt>
File: MyInvariantMassHistoWtihFit_ZZ.png Graphic file (type png)

<use MyInvariantMassHistoWtihFit_ZZ.png>
Package pdftex.def Info: MyInvariantMassHistoWtihFit_ZZ.png used on input line 
365.
(pdftex.def)             Requested size: 191.29266pt x 113.81102pt.

Underfull \hbox (badness 10000) in paragraph at lines 370--371

 []


Underfull \hbox (badness 10000) in paragraph at lines 372--373

 []

<MTEWithFit_ZZ.png, id=81, 1580.90625pt x 940.51375pt>
File: MTEWithFit_ZZ.png Graphic file (type png)
 <use MTEWithFit_ZZ.png>
Package pdftex.def Info: MTEWithFit_ZZ.png used on input line 376.
(pdftex.def)             Requested size: 191.29266pt x 113.81102pt.

Underfull \vbox (badness 10000) has occurred while \output is active []

 [14 <./MyInvariantMassHistoWtihFit_ZZ.png>]
<NumberOfJets_ZZ.png, id=85, 1580.90625pt x 1071.00125pt>
File: NumberOfJets_ZZ.png Graphic file (type png)

<use NumberOfJets_ZZ.png>
Package pdftex.def Info: NumberOfJets_ZZ.png used on input line 383.
(pdftex.def)             Requested size: 167.99017pt x 113.81102pt.

Underfull \hbox (badness 2495) in paragraph at lines 390--390
[]\OT1/cmr/bx/n/10 W Decay 
 []


Underfull \hbox (badness 10000) in paragraph at lines 392--393

 []

<feynm_W-.png, id=86, 235.88126pt x 235.88126pt>
File: feynm_W-.png Graphic file (type png)
 <use feynm_W-.png>
Package pdftex.def Info: feynm_W-.png used on input line 396.
(pdftex.def)             Requested size: 71.13203pt x 71.13188pt.

Underfull \vbox (badness 3977) has occurred while \output is active []

 [15 <./MTEWithFit_ZZ.png> <./NumberOfJets_ZZ.png>]
<feynm_W+.png, id=90, 234.8775pt x 240.9pt>
File: feynm_W+.png Graphic file (type png)
 <use feynm_W+.png>
Package pdftex.def Info: feynm_W+.png used on input line 403.
(pdftex.def)             Requested size: 69.35277pt x 71.13188pt.

Underfull \hbox (badness 10000) in paragraph at lines 408--409

 []


Underfull \hbox (badness 10000) in paragraph at lines 417--418

 []

<W_rtm_fit.png, id=91, 1580.90625pt x 990.70125pt>
File: W_rtm_fit.png Graphic file (type png)
 <use W_rtm_fit.png>
Package pdftex.def Info: W_rtm_fit.png used on input line 421.
(pdftex.def)             Requested size: 181.59535pt x 113.81102pt.
Package epstopdf Info: Source file: <ee_loosecuts_rtmw.eps>
(epstopdf)                    date: 2017-05-26 13:17:06
(epstopdf)                    size: 34706 bytes
(epstopdf)             Output file: <ee_loosecuts_rtmw-eps-converted-to.pdf>
(epstopdf)                    date: 2017-05-26 13:17:06
(epstopdf)                    size: 16923 bytes
(epstopdf)             Command: <repstopdf --outfile=ee_loosecuts_rtmw-eps-conv
erted-to.pdf ee_loosecuts_rtmw.eps>
(epstopdf)             \includegraphics on input line 432.
Package epstopdf Info: Output file is already uptodate.

<ee_loosecuts_rtmw-eps-converted-to.pdf, id=92, 569.12625pt x 551.05875pt>
File: ee_loosecuts_rtmw-eps-converted-to.pdf Graphic file (type pdf)

<use ee_loosecuts_rtmw-eps-converted-to.pdf>
Package pdftex.def Info: ee_loosecuts_rtmw-eps-converted-to.pdf used on input l
ine 432.
(pdftex.def)             Requested size: 569.12486pt x 551.05739pt.
Package epstopdf Info: Source file: <ee_loosecuts_mtew.eps>
(epstopdf)                    date: 2017-05-26 13:17:06
(epstopdf)                    size: 36184 bytes
(epstopdf)             Output file: <ee_loosecuts_mtew-eps-converted-to.pdf>
(epstopdf)                    date: 2017-05-26 13:17:34
(epstopdf)                    size: 17769 bytes
(epstopdf)             Command: <repstopdf --outfile=ee_loosecuts_mtew-eps-conv
erted-to.pdf ee_loosecuts_mtew.eps>
(epstopdf)             \includegraphics on input line 432.
Package epstopdf Info: Output file is already uptodate.

<ee_loosecuts_mtew-eps-converted-to.pdf, id=93, 569.12625pt x 551.05875pt>
File: ee_loosecuts_mtew-eps-converted-to.pdf Graphic file (type pdf)

<use ee_loosecuts_mtew-eps-converted-to.pdf>
Package pdftex.def Info: ee_loosecuts_mtew-eps-converted-to.pdf used on input l
ine 432.
(pdftex.def)             Requested size: 569.12486pt x 551.05739pt.

Underfull \hbox (badness 10000) in paragraph at lines 436--437

 []

[16 <./feynm_W-.png> <./feynm_W+.png>] [17 <./W_rtm_fit.png> <./ee_loosecuts_rt
mw-eps-converted-to.pdf> <./ee_loosecuts_mtew-eps-converted-to.pdf>]
Underfull \hbox (badness 2310) in paragraph at lines 442--442
[]\OT1/cmr/bx/n/10 WZ Decay 
 []


Underfull \hbox (badness 10000) in paragraph at lines 444--445

 []


Underfull \hbox (badness 10000) in paragraph at lines 454--455

 []


Underfull \hbox (badness 10000) in paragraph at lines 456--457

 []


Underfull \hbox (badness 10000) in paragraph at lines 458--459

 []


Underfull \hbox (badness 10000) in paragraph at lines 460--461

 []


Underfull \hbox (badness 10000) in paragraph at lines 462--463
\OT1/cmr/m/n/10 Eq. 2.
 []

<WZ_feynman.jpg, id=132, 1011.78pt x 1009.7725pt>
File: WZ_feynman.jpg Graphic file (type jpg)
 <use WZ_feynman.jpg>
Package pdftex.def Info: WZ_feynman.jpg used on input line 466.
(pdftex.def)             Requested size: 99.77902pt x 99.58464pt.


LaTeX Warning: Citation `BeringerW' undefined on input line 471.


Underfull \hbox (badness 10000) in paragraph at lines 471--472

 []

<WZ_IM.jpg, id=133, 2371.86125pt x 1608.0075pt>
File: WZ_IM.jpg Graphic file (type jpg)
 <use WZ_IM.jpg>
Package pdftex.def Info: WZ_IM.jpg used on input line 475.
(pdftex.def)             Requested size: 167.85683pt x 113.81102pt.
 [18]
<WZ_Mt.jpg, id=137, 2370.8575pt x 1608.0075pt>
File: WZ_Mt.jpg Graphic file (type jpg)
 <use WZ_Mt.jpg>
Package pdftex.def Info: WZ_Mt.jpg used on input line 482.
(pdftex.def)             Requested size: 167.7858pt x 113.81102pt.

Underfull \hbox (badness 10000) in paragraph at lines 487--488

 []


Underfull \hbox (badness 2591) in paragraph at lines 492--492
[]$\OML/cmm/b/it/10 t[]$ \OT1/cmr/bx/n/10 Decay 
 []


LaTeX Warning: Citation `abazov2008simultaneous' undefined on input line 493.


Underfull \hbox (badness 10000) in paragraph at lines 493--494

 []

[19 <./WZ_feynman.jpg> <./WZ_IM.jpg> <./WZ_Mt.jpg>]
<feynm_ttbar.png, id=142, 512.91624pt x 577.15625pt>
File: feynm_ttbar.png Graphic file (type png)
 <use feynm_ttbar.png>
Package pdftex.def Info: feynm_ttbar.png used on input line 506.
(pdftex.def)             Requested size: 151.71596pt x 170.71652pt.

Underfull \hbox (badness 10000) in paragraph at lines 511--512

 []

[20 <./feynm_ttbar.png>]
Underfull \hbox (badness 10000) in paragraph at lines 513--514

 []


Underfull \hbox (badness 10000) in paragraph at lines 516--517

 []


Underfull \hbox (badness 10000) in paragraph at lines 518--518
[]
 []


Underfull \hbox (badness 10000) in paragraph at lines 522--523
\OT1/cmr/m/n/10 2500 GeV.
 []

<ee_conecuts_mtetop_egamma.jpg, id=148, 569.12625pt x 551.05875pt>
File: ee_conecuts_mtetop_egamma.jpg Graphic file (type jpg)

<use ee_conecuts_mtetop_egamma.jpg>
Package pdftex.def Info: ee_conecuts_mtetop_egamma.jpg used on input line 530.
(pdftex.def)             Requested size: 569.12486pt x 551.05739pt.

<ee_loosecuts_mefftop.png, id=149, 569.12625pt x 550.055pt>
File: ee_loosecuts_mefftop.png Graphic file (type png)

<use ee_loosecuts_mefftop.png>
Package pdftex.def Info: ee_loosecuts_mefftop.png used on input line 530.
(pdftex.def)             Requested size: 569.12486pt x 550.05365pt.

Overfull \hbox (36.61125pt too wide) in paragraph at lines 530--531
 [] 
 []


Underfull \vbox (badness 10000) has occurred while \output is active []

 [21 <./ee_conecuts_mtetop_egamma.jpg> <./ee_loosecuts_mefftop.png>]

LaTeX Warning: Citation `atlas2014fiducial' undefined on input line 539.


Underfull \hbox (badness 10000) in paragraph at lines 539--540

 []

<IM_1fbar_ZZanalysis.png, id=154, 579.16376pt x 547.04375pt>
File: IM_1fbar_ZZanalysis.png Graphic file (type png)

<use IM_1fbar_ZZanalysis.png>
Package pdftex.def Info: IM_1fbar_ZZanalysis.png used on input line 547.
(pdftex.def)             Requested size: 579.16234pt x 547.0424pt.

<higgs_fail.png, id=155, 539.01375pt x 504.88625pt>
File: higgs_fail.png Graphic file (type png)
 <use higgs_fail.png>
Package pdftex.def Info: higgs_fail.png used on input line 547.
(pdftex.def)             Requested size: 539.01242pt x 504.885pt.

Underfull \hbox (badness 10000) in paragraph at lines 552--553

 []


Underfull \hbox (badness 10000) in paragraph at lines 554--555

 []


Underfull \hbox (badness 10000) in paragraph at lines 556--557

 []

[22 <./IM_1fbar_ZZanalysis.png> <./higgs_fail.png>]
<DeltaPhi1_screenshot.png, id=161, 574.145pt x 546.04pt>
File: DeltaPhi1_screenshot.png Graphic file (type png)

<use DeltaPhi1_screenshot.png>
Package pdftex.def Info: DeltaPhi1_screenshot.png used on input line 560.
(pdftex.def)             Requested size: 179.49872pt x 170.71652pt.

Underfull \hbox (badness 10000) in paragraph at lines 566--567

 []


Underfull \hbox (badness 10000) in paragraph at lines 568--569

 []

Package epstopdf Info: Source file: <higgs_loosest_invm.eps>
(epstopdf)                    date: 2017-05-26 13:17:02
(epstopdf)                    size: 23107 bytes
(epstopdf)             Output file: <higgs_loosest_invm-eps-converted-to.pdf>
(epstopdf)                    date: 2017-05-26 16:21:07
(epstopdf)                    size: 13772 bytes
(epstopdf)             Command: <repstopdf --outfile=higgs_loosest_invm-eps-con
verted-to.pdf higgs_loosest_invm.eps>
(epstopdf)             \includegraphics on input line 572.
Package epstopdf Info: Output file is already uptodate.
<higgs_loosest_invm-eps-converted-to.pdf, id=162, 569.12625pt x 550.055pt>
File: higgs_loosest_invm-eps-converted-to.pdf Graphic file (type pdf)

<use higgs_loosest_invm-eps-converted-to.pdf>
Package pdftex.def Info: higgs_loosest_invm-eps-converted-to.pdf used on input 
line 572.
(pdftex.def)             Requested size: 176.63573pt x 170.71652pt.

Underfull \vbox (badness 1629) has occurred while \output is active []

 [23 <./DeltaPhi1_screenshot.png>]
Underfull \hbox (badness 10000) in paragraph at lines 577--578

 []


Underfull \hbox (badness 10000) in paragraph at lines 579--580

 []

Missing character: There is no ‚ in font cmr10!
Missing character: There is no Ä in font cmr10!
Missing character: There is no ò in font cmr10!
Missing character: There is no ‚ in font cmr10!
Missing character: There is no Ä in font cmr10!
Missing character: There is no ô in font cmr10!
Package epstopdf Info: Source file: <higgs_20fromZwith10fb.eps>
(epstopdf)                    date: 2017-05-26 13:17:02
(epstopdf)                    size: 21522 bytes
(epstopdf)             Output file: <higgs_20fromZwith10fb-eps-converted-to.pdf
>
(epstopdf)                    date: 2017-05-26 16:21:07
(epstopdf)                    size: 13558 bytes
(epstopdf)             Command: <repstopdf --outfile=higgs_20fromZwith10fb-eps-
converted-to.pdf higgs_20fromZwith10fb.eps>
(epstopdf)             \includegraphics on input line 598.
Package epstopdf Info: Output file is already uptodate.
<higgs_20fromZwith10fb-eps-converted-to.pdf, id=167, 569.12625pt x 550.055pt>
File: higgs_20fromZwith10fb-eps-converted-to.pdf Graphic file (type pdf)

<use higgs_20fromZwith10fb-eps-converted-to.pdf>
Package pdftex.def Info: higgs_20fromZwith10fb-eps-converted-to.pdf used on inp
ut line 598.
(pdftex.def)             Requested size: 569.12486pt x 550.05365pt.
Package epstopdf Info: Source file: <higgs_m34_20.eps>
(epstopdf)                    date: 2017-05-26 13:17:00
(epstopdf)                    size: 19860 bytes
(epstopdf)             Output file: <higgs_m34_20-eps-converted-to.pdf>
(epstopdf)                    date: 2017-05-26 16:21:08
(epstopdf)                    size: 13310 bytes
(epstopdf)             Command: <repstopdf --outfile=higgs_m34_20-eps-converted
-to.pdf higgs_m34_20.eps>
(epstopdf)             \includegraphics on input line 598.
Package epstopdf Info: Output file is already uptodate.

<higgs_m34_20-eps-converted-to.pdf, id=168, 569.12625pt x 550.055pt>
File: higgs_m34_20-eps-converted-to.pdf Graphic file (type pdf)

<use higgs_m34_20-eps-converted-to.pdf>
Package pdftex.def Info: higgs_m34_20-eps-converted-to.pdf used on input line 5
98.
(pdftex.def)             Requested size: 569.12486pt x 550.05365pt.

Overfull \hbox (13.77971pt too wide) in paragraph at lines 598--599
 [] 
 []

Package epstopdf Info: Source file: <higgs_m34conefinal.eps>
(epstopdf)                    date: 2017-05-26 13:17:00
(epstopdf)                    size: 19489 bytes
(epstopdf)             Output file: <higgs_m34conefinal-eps-converted-to.pdf>
(epstopdf)                    date: 2017-05-26 16:21:39
(epstopdf)                    size: 13174 bytes
(epstopdf)             Command: <repstopdf --outfile=higgs_m34conefinal-eps-con
verted-to.pdf higgs_m34conefinal.eps>
(epstopdf)             \includegraphics on input line 603.
Package epstopdf Info: Output file is already uptodate.
<higgs_m34conefinal-eps-converted-to.pdf, id=169, 569.12625pt x 550.055pt>
File: higgs_m34conefinal-eps-converted-to.pdf Graphic file (type pdf)

<use higgs_m34conefinal-eps-converted-to.pdf>
Package pdftex.def Info: higgs_m34conefinal-eps-converted-to.pdf used on input 
line 603.
(pdftex.def)             Requested size: 176.63573pt x 170.71652pt.
 [24 <./higgs_loosest_invm-eps-converted-to.pdf>]
Underfull \hbox (badness 2521) in paragraph at lines 609--609
[]\OT1/cmr/bx/n/10 Z' search 
 []


LaTeX Warning: Citation `hayden2013z' undefined on input line 610.


Underfull \hbox (badness 10000) in paragraph at lines 610--611

 []

[25 <./higgs_20fromZwith10fb-eps-converted-to.pdf> <./higgs_m34_20-eps-converte
d-to.pdf> <./higgs_m34conefinal-eps-converted-to.pdf>]
Underfull \hbox (badness 10000) in paragraph at lines 612--613

 []


Underfull \hbox (badness 10000) in paragraph at lines 614--616
\OT1/cmr/m/n/10 search cri-te-ria were im-ple-mented:
 []

<feynm_ZPrime.png, id=234, 432.61626pt x 608.2725pt>
File: feynm_ZPrime.png Graphic file (type png)
 <use feynm_ZPrime.png>
Package pdftex.def Info: feynm_ZPrime.png used on input line 624.
(pdftex.def)             Requested size: 101.17635pt x 142.26378pt.

Underfull \hbox (badness 10000) in paragraph at lines 629--630

 []


<ee_loosecuts_meff1_allzprime1fb20002300.png, id=235, 729.72626pt x 671.50874pt
>
File: ee_loosecuts_meff1_allzprime1fb20002300.png Graphic file (type png)
 <use ee_loosecuts_meff1_allzprime1fb20002300.png>
Package pdftex.def Info: ee_loosecuts_meff1_allzprime1fb20002300.png used on in
put line 636.
(pdftex.def)             Requested size: 729.72449pt x 671.50711pt.

<ee_loosecuts_meff1_allzprime1fb23002600.png, id=236, 754.82pt x 679.53876pt>
File: ee_loosecuts_meff1_allzprime1fb23002600.png Graphic file (type png)

<use ee_loosecuts_meff1_allzprime1fb23002600.png>
Package pdftex.def Info: ee_loosecuts_meff1_allzprime1fb23002600.png used on in
put line 636.
(pdftex.def)             Requested size: 754.81818pt x 679.53711pt.

<ee_loosecuts_meff1_allzprimezooom20002300.png, id=237, 736.7525pt x 658.46pt>
File: ee_loosecuts_meff1_allzprimezooom20002300.png Graphic file (type png)

<use ee_loosecuts_meff1_allzprimezooom20002300.png>
Package pdftex.def Info: ee_loosecuts_meff1_allzprimezooom20002300.png used on 
input line 640.
(pdftex.def)             Requested size: 736.7507pt x 658.4584pt.

<ee_loosecuts_meff1_allzprimezoom23002600.png, id=238, 745.78625pt x 664.4825pt
>
File: ee_loosecuts_meff1_allzprimezoom23002600.png Graphic file (type png)
 <use ee_loosecuts_meff1_allzprimezoom23002600.png>
Package pdftex.def Info: ee_loosecuts_meff1_allzprimezoom23002600.png used on i
nput line 640.
(pdftex.def)             Requested size: 745.78444pt x 664.48087pt.

Overfull \hbox (87.04646pt too wide) in paragraph at lines 636--641
 [] 
 []


Overfull \hbox (86.48436pt too wide) in paragraph at lines 636--641
 [] 
 []


Underfull \hbox (badness 10000) in paragraph at lines 646--647

 []

[26 <./feynm_ZPrime.png>] [27 <./ee_loosecuts_meff1_allzprime1fb20002300.png> <
./ee_loosecuts_meff1_allzprime1fb23002600.png> <./ee_loosecuts_meff1_allzprimez
ooom20002300.png> <./ee_loosecuts_meff1_allzprimezoom23002600.png>]
<ee_loosecuts_meff1_allzprime20002150.png, id=250, 715.67375pt x 660.4675pt>
File: ee_loosecuts_meff1_allzprime20002150.png Graphic file (type png)

<use ee_loosecuts_meff1_allzprime20002150.png>
Package pdftex.def Info: ee_loosecuts_meff1_allzprime20002150.png used on input
 line 654.
(pdftex.def)             Requested size: 715.672pt x 660.46588pt.
Package epstopdf Info: Source file: <ee_loosecuts_meff1_zoom750.eps>
(epstopdf)                    date: 2017-05-26 13:17:02
(epstopdf)                    size: 20877 bytes
(epstopdf)             Output file: <ee_loosecuts_meff1_zoom750-eps-converted-t
o.pdf>
(epstopdf)                    date: 2017-05-26 16:21:40
(epstopdf)                    size: 13089 bytes
(epstopdf)             Command: <repstopdf --outfile=ee_loosecuts_meff1_zoom750
-eps-converted-to.pdf ee_loosecuts_meff1_zoom750.eps>
(epstopdf)             \includegraphics on input line 654.
Package epstopdf Info: Output file is already uptodate.

<ee_loosecuts_meff1_zoom750-eps-converted-to.pdf, id=251, 569.12625pt x 551.058
75pt>
File: ee_loosecuts_meff1_zoom750-eps-converted-to.pdf Graphic file (type pdf)
 <use ee_loosecuts_meff1_zoom750-eps-converted-to.pdf>
Package pdftex.def Info: ee_loosecuts_meff1_zoom750-eps-converted-to.pdf used o
n input line 654.
(pdftex.def)             Requested size: 569.12486pt x 551.05739pt.

Overfull \hbox (14.62074pt too wide) in paragraph at lines 654--655
 [] 
 []


LaTeX Warning: `h' float specifier changed to `ht'.


LaTeX Warning: Citation `quantumdiaries' undefined on input line 675.


Underfull \hbox (badness 10000) in paragraph at lines 675--676

 []

[28 <./ee_loosecuts_meff1_allzprime20002150.png> <./ee_loosecuts_meff1_zoom750-
eps-converted-to.pdf>]
Underfull \hbox (badness 10000) in paragraph at lines 677--677
[]
 []


Underfull \hbox (badness 10000) in paragraph at lines 681--682

 []

Package epstopdf Info: Source file: <ee_loosecuts_cosphi.eps>
(epstopdf)                    date: 2017-05-26 13:17:02
(epstopdf)                    size: 22971 bytes
(epstopdf)             Output file: <ee_loosecuts_cosphi-eps-converted-to.pdf>
(epstopdf)                    date: 2017-05-26 16:21:41
(epstopdf)                    size: 13612 bytes
(epstopdf)             Command: <repstopdf --outfile=ee_loosecuts_cosphi-eps-co
nverted-to.pdf ee_loosecuts_cosphi.eps>
(epstopdf)             \includegraphics on input line 688.
Package epstopdf Info: Output file is already uptodate.
<ee_loosecuts_cosphi-eps-converted-to.pdf, id=270, 569.12625pt x 551.05875pt>
File: ee_loosecuts_cosphi-eps-converted-to.pdf Graphic file (type pdf)

<use ee_loosecuts_cosphi-eps-converted-to.pdf>
Package pdftex.def Info: ee_loosecuts_cosphi-eps-converted-to.pdf used on input
 line 688.
(pdftex.def)             Requested size: 569.12486pt x 551.05739pt.
Package epstopdf Info: Source file: <ee_loosecuts_cosphi_zonly.eps>
(epstopdf)                    date: 2017-05-26 13:17:02
(epstopdf)                    size: 14032 bytes
(epstopdf)             Output file: <ee_loosecuts_cosphi_zonly-eps-converted-to
.pdf>
(epstopdf)                    date: 2017-05-26 16:21:41
(epstopdf)                    size: 11720 bytes
(epstopdf)             Command: <repstopdf --outfile=ee_loosecuts_cosphi_zonly-
eps-converted-to.pdf ee_loosecuts_cosphi_zonly.eps>
(epstopdf)             \includegraphics on input line 688.
Package epstopdf Info: Output file is already uptodate.

<ee_loosecuts_cosphi_zonly-eps-converted-to.pdf, id=271, 569.12625pt x 551.0587
5pt>
File: ee_loosecuts_cosphi_zonly-eps-converted-to.pdf Graphic file (type pdf)
 <use ee_loosecuts_cosphi_zonly-eps-converted-to.pdf>
Package pdftex.def Info: ee_loosecuts_cosphi_zonly-eps-converted-to.pdf used on
 input line 688.
(pdftex.def)             Requested size: 569.12486pt x 551.05739pt.

Overfull \hbox (12.8547pt too wide) in paragraph at lines 688--689
 [] 
 []


Underfull \hbox (badness 1430) in paragraph at lines 696--696
[]\OT1/cmr/bx/n/12 Conclusion 
 []


Underfull \hbox (badness 10000) in paragraph at lines 698--699

 []

[29 <./ee_loosecuts_cosphi-eps-converted-to.pdf> <./ee_loosecuts_cosphi_zonly-e
ps-converted-to.pdf>]
Underfull \hbox (badness 10000) in paragraph at lines 700--701

 []


Underfull \hbox (badness 10000) in paragraph at lines 702--703

 []


Underfull \hbox (badness 10000) in paragraph at lines 704--705

 []

No file report.bbl.

Underfull \vbox (badness 10000) has occurred while \output is active []

 [30]
Underfull \hbox (badness 1546) in paragraph at lines 710--710
[]\OT1/cmr/bx/n/12 Appendix 
 []


Underfull \hbox (badness 1755) in paragraph at lines 712--712
[]\OT1/cmr/bx/n/10 Code Template 
 []


Underfull \hbox (badness 10000) in paragraph at lines 714--715

 []

[31]
Underfull \vbox (badness 10000) has occurred while \output is active []

 [32]
Underfull \hbox (badness 2096) in paragraph at lines 821--821
[]\OT1/cmr/bx/n/10 WZ analysis 
 []


Underfull \hbox (badness 10000) in paragraph at lines 824--826
\OT1/cmr/m/n/7 fol-low-ing a "//" is a com-ment.
 []


Overfull \hbox (6.16206pt too wide) in paragraph at lines 919--919
[]\OT1/cmtt/m/n/7 m_myHisto2->Fill(met_et/1000.,mcWeight*scaleFactor_PILEUP*sca
leFactor_ELE*scaleFactor_TRIGGER);[] 
 []

[33]
Underfull \hbox (badness 2213) in paragraph at lines 920--920
[]\OT1/cmr/bx/n/10 ZZ analysis 
 []


Overfull \hbox (17.31845pt too wide) in paragraph at lines 1035--1035
[]\OT1/cmtt/m/n/7 //Check whether trigE and/or trigM is true, require 4 leptons
 and make sure they are all isolated:[] 
 []

Missing character: There is no ‚ in font cmtt8!
Missing character: There is no Ä in font cmtt8!
Missing character: There is no ò in font cmtt8!
Missing character: There is no ‚ in font cmtt8!
Missing character: There is no Ä in font cmtt8!
Missing character: There is no ô in font cmtt8!
[34]
Overfull \hbox (13.59966pt too wide) in paragraph at lines 1035--1035
[]\OT1/cmtt/m/n/7 //Fill all histograms if quadruplet is found and standard dev
iation of l12 is smaller than 20 GeV[] 
 []


Overfull \hbox (110.28835pt too wide) in paragraph at lines 1035--1035
[]\OT1/cmtt/m/n/7 m_myHisto1->Fill((l1+l2+l3+l4).M()/1000.,mcWeight*scaleFactor
_PILEUP*scaleFactor_ELE*scaleFactor_TRIGGER*scaleFactor_MUON);[] 
 []


Overfull \hbox (110.28835pt too wide) in paragraph at lines 1035--1035
[]\OT1/cmtt/m/n/7 m_myHisto2->Fill((l1+l2+l3+l4).M()/1000.,mcWeight*scaleFactor
_PILEUP*scaleFactor_ELE*scaleFactor_TRIGGER*scaleFactor_MUON);[] 
 []


Overfull \hbox (69.38159pt too wide) in paragraph at lines 1035--1035
[]\OT1/cmtt/m/n/7 m_myHisto3->Fill(met_et/1000.,mcWeight*scaleFactor_PILEUP*sca
leFactor_ELE*scaleFactor_TRIGGER*scaleFactor_MUON);[] 
 []


Overfull \hbox (69.38159pt too wide) in paragraph at lines 1035--1035
[]\OT1/cmtt/m/n/7 m_myHisto4->Fill(met_et/1000.,mcWeight*scaleFactor_PILEUP*sca
leFactor_ELE*scaleFactor_TRIGGER*scaleFactor_MUON);[] 
 []


Overfull \hbox (69.38159pt too wide) in paragraph at lines 1035--1035
[]\OT1/cmtt/m/n/7 m_myHisto5->Fill(met_et/1000.,mcWeight*scaleFactor_PILEUP*sca
leFactor_ELE*scaleFactor_TRIGGER*scaleFactor_MUON);[] 
 []


Overfull \hbox (50.78761pt too wide) in paragraph at lines 1035--1035
[]\OT1/cmtt/m/n/7 m_myHisto7->Fill(met_phi,mcWeight*scaleFactor_PILEUP*scaleFac
tor_ELE*scaleFactor_TRIGGER*scaleFactor_MUON);[] 
 []


Overfull \hbox (61.944pt too wide) in paragraph at lines 1035--1035
[]\OT1/cmtt/m/n/7 m_myHisto8->Fill(delta_phi1,mcWeight*scaleFactor_PILEUP*scale
Factor_ELE*scaleFactor_TRIGGER*scaleFactor_MUON);[] 
 []


Overfull \hbox (61.944pt too wide) in paragraph at lines 1035--1035
[]\OT1/cmtt/m/n/7 m_myHisto9->Fill(delta_phi2,mcWeight*scaleFactor_PILEUP*scale
Factor_ELE*scaleFactor_TRIGGER*scaleFactor_MUON);[] 
 []


Overfull \hbox (47.06882pt too wide) in paragraph at lines 1035--1035
[]\OT1/cmtt/m/n/7 m_myHisto10->Fill(meff1,mcWeight*scaleFactor_PILEUP*scaleFact
or_ELE*scaleFactor_TRIGGER*scaleFactor_MUON);[] 
 []


Underfull \hbox (badness 2126) in paragraph at lines 1036--1036
[]\OT1/cmr/bx/n/10 Zee analysis 
 []


Underfull \hbox (badness 10000) in paragraph at lines 1039--1040
\OT1/cmr/m/n/7 The code for the Zee anal-y-sis is pre-sented here.
 []


Overfull \hbox (9.88086pt too wide) in paragraph at lines 1068--1068
[]\OT1/cmtt/m/n/7 m_one->Fill((l1+l2).M()/1000., mcWeight*scaleFactor_PILEUP*sc
aleFactor_ELE*scaleFactor_TRIGGER);[] 
 []


Underfull \hbox (badness 1655) in paragraph at lines 1069--1069
[]\OT1/cmr/bx/n/10 Zmumu analysis 
 []


Underfull \hbox (badness 10000) in paragraph at lines 1072--1073
\OT1/cmr/m/n/7 The code for the Zmumu anal-y-sis is pre-sented here.
 []

[35]
Overfull \hbox (17.31845pt too wide) in paragraph at lines 1098--1098
[]\OT1/cmtt/m/n/7 m_eleven->Fill((l3+l4).M()/1000.,mcWeight*scaleFactor_PILEUP*
scaleFactor_ELE*scaleFactor_TRIGGER);[] 
 []


Overfull \hbox (6.16206pt too wide) in paragraph at lines 1098--1098
[]\OT1/cmtt/m/n/7 m_thirteen->Fill(met_et/1000.,mcWeight*scaleFactor_PILEUP*sca
leFactor_ELE*scaleFactor_TRIGGER);[] 
 []


Underfull \hbox (badness 2269) in paragraph at lines 1100--1100
[]\OT1/cmr/bx/n/10 W analysis 
 []


Underfull \hbox (badness 10000) in paragraph at lines 1103--1104
\OT1/cmr/m/n/7 The code for the W anal-y-sis is pre-sented here.
 []


Overfull \hbox (73.10039pt too wide) in paragraph at lines 1129--1129
[]\OT1/cmtt/m/n/7 if(trigE && lep_n==1 && lep_type[0]==11 && lep_ptcone30[0]/le
p_pt[0] < 0.15 && lep_etcone20[0]/lep_pt[0] < 0.15){[] 
 []


Overfull \hbox (2.44327pt too wide) in paragraph at lines 1129--1129
[]\OT1/cmtt/m/n/7 m_four->Fill(tv_mass_W/1000.,mcWeight*scaleFactor_PILEUP*scal
eFactor_ELE*scaleFactor_TRIGGER);[] 
 []


Underfull \hbox (badness 2351) in paragraph at lines 1130--1130
[]\OT1/cmr/bx/n/10 t$[]$ analysis 
 []


Underfull \hbox (badness 10000) in paragraph at lines 1133--1134
\OT1/cmr/m/n/7 The code for the t$[]$ anal-y-sis is pre-sented here.
 []


Overfull \hbox (13.59966pt too wide) in paragraph at lines 1170--1170
[]\OT1/cmtt/m/n/7 if((trigE && abs(lep_type[0])==11) || (trigM && abs(lep_type[
0])==13) && lep_n==1 && jet_n >= 4){[] 
 []

[36]
Underfull \hbox (badness 2310) in paragraph at lines 1171--1171
[]\OT1/cmr/bx/n/10 Z' analysis 
 []


Underfull \hbox (badness 10000) in paragraph at lines 1174--1175
\OT1/cmr/m/n/7 The code for the Z' anal-y-sis is pre-sented here.
 []


Overfull \hbox (65.6628pt too wide) in paragraph at lines 1234--1234
[]\OT1/cmtt/m/n/7 //muon or electron trigger, one lepton, leading lepton pt >25
GeV, minimum 4 jets, met>30GeV, isolation criteria[] 
 []


Overfull \hbox (13.59966pt too wide) in paragraph at lines 1234--1234
[]\OT1/cmtt/m/n/7 m_twenty->Fill(cos(deltaangle), mcWeight*scaleFactor_PILEUP*s
caleFactor_ELE*scaleFactor_TRIGGER);[] 
 []


Overfull \hbox (2.44327pt too wide) in paragraph at lines 1234--1234
[]\OT1/cmtt/m/n/7 m_fifteen->Fill(met_et/1000.,mcWeight*scaleFactor_PILEUP*scal
eFactor_ELE*scaleFactor_TRIGGER);[] 
 []


Overfull \hbox (54.50641pt too wide) in paragraph at lines 1234--1234
[]\OT1/cmtt/m/n/7 m_sixteen->Fill((tv_mass_W + met_et/1000.),mcWeight*scaleFact
or_PILEUP*scaleFactor_ELE*scaleFactor_TRIGGER);[] 
 []


Overfull \hbox (6.16206pt too wide) in paragraph at lines 1234--1234
[]\OT1/cmtt/m/n/7 m_seventeen->Fill(m_eff/1000.,mcWeight*scaleFactor_PILEUP*sca
leFactor_ELE*scaleFactor_TRIGGER);[] 
 []


Overfull \hbox (2.44327pt too wide) in paragraph at lines 1234--1234
[]\OT1/cmtt/m/n/7 m_eighteen->Fill(m_eff/1000.,mcWeight*scaleFactor_PILEUP*scal
eFactor_ELE*scaleFactor_TRIGGER);[] 
 []

[37]
Underfull \hbox (badness 1565) in paragraph at lines 1236--1236
[]\OT1/cmr/bx/n/10 Work breakdown 
 []


Overfull \hbox (38.19586pt too wide) in paragraph at lines 1280--1280
[]     \OT1/cmtt/m/n/14.4 Higgs Search - First Approach & second approach[] 
 []

Missing character: There is no ‚ in font cmtt12!
Missing character: There is no Ä in font cmtt12!
Missing character: There is no ô in font cmtt12!
[38] (./report.aux)

LaTeX Font Warning: Size substitutions with differences
(Font)              up to 3.25002pt have occurred.


LaTeX Warning: There were undefined references.


LaTeX Warning: There were multiply-defined labels.

 ) 
Here is how much of TeX's memory you used:
 15867 strings out of 493029
 313191 string characters out of 6136234
 328952 words of memory out of 5000000
 19157 multiletter control sequences out of 15000+600000
 24522 words of font info for 96 fonts, out of 8000000 for 9000
 1141 hyphenation exceptions out of 8191
 38i,17n,42p,10375b,584s stack positions out of 5000i,500n,10000p,200000b,80000s
{/usr/share/texlive/texmf-dist/fonts/enc/dvips/base/8r.enc}{/usr/share/texmf/
fonts/enc/dvips/cm-super/cm-super-ts1.enc}</usr/share/texlive/texmf-dist/fonts/
type1/public/amsfonts/cm/cmbx10.pfb></usr/share/texlive/texmf-dist/fonts/type1/
public/amsfonts/cm/cmbx12.pfb></usr/share/texlive/texmf-dist/fonts/type1/public
/amsfonts/cm/cmbx9.pfb></usr/share/texlive/texmf-dist/fonts/type1/public/amsfon
ts/cm/cmex10.pfb></usr/share/texlive/texmf-dist/fonts/type1/public/amsfonts/cme
xtra/cmex9.pfb></usr/share/texlive/texmf-dist/fonts/type1/public/amsfonts/cm/cm
mi10.pfb></usr/share/texlive/texmf-dist/fonts/type1/public/amsfonts/cm/cmmi6.pf
b></usr/share/texlive/texmf-dist/fonts/type1/public/amsfonts/cm/cmmi7.pfb></usr
/share/texlive/texmf-dist/fonts/type1/public/amsfonts/cm/cmmi9.pfb></usr/share/
texlive/texmf-dist/fonts/type1/public/amsfonts/cm/cmmib10.pfb></usr/share/texli
ve/texmf-dist/fonts/type1/public/amsfonts/cm/cmr10.pfb></usr/share/texlive/texm
f-dist/fonts/type1/public/amsfonts/cm/cmr5.pfb></usr/share/texlive/texmf-dist/f
onts/type1/public/amsfonts/cm/cmr6.pfb></usr/share/texlive/texmf-dist/fonts/typ
e1/public/amsfonts/cm/cmr7.pfb></usr/share/texlive/texmf-dist/fonts/type1/publi
c/amsfonts/cm/cmr9.pfb></usr/share/texlive/texmf-dist/fonts/type1/public/amsfon
ts/cm/cmsy10.pfb></usr/share/texlive/texmf-dist/fonts/type1/public/amsfonts/cm/
cmsy7.pfb></usr/share/texlive/texmf-dist/fonts/type1/public/amsfonts/cm/cmsy9.p
fb></usr/share/texlive/texmf-dist/fonts/type1/public/amsfonts/cm/cmti10.pfb></u
sr/share/texlive/texmf-dist/fonts/type1/public/amsfonts/cm/cmti9.pfb></usr/shar
e/texlive/texmf-dist/fonts/type1/public/amsfonts/cm/cmtt12.pfb></usr/share/texl
ive/texmf-dist/fonts/type1/public/amsfonts/cm/cmtt8.pfb></usr/share/texlive/tex
mf-dist/fonts/type1/public/amsfonts/latxfont/line10.pfb></usr/share/texmf/fonts
/type1/public/cm-super/sfrm1000.pfb></usr/share/texlive/texmf-dist/fonts/type1/
urw/courier/ucrr8a.pfb>
Output written on report.pdf (38 pages, 5094620 bytes).
PDF statistics:
 417 PDF objects out of 1000 (max. 8388607)
 255 compressed objects within 3 object streams
 0 named destinations out of 1000 (max. 500000)
 206 words of extra memory for PDF output out of 10000 (max. 10000000)

